Determining if the pthread_create exist failed with the following output:
Change Dir: /home/pi/pixy/build/libpixyusb/CMakeFiles/CMakeTmp

Run Build Command:"/usr/bin/make" "cmTC_a9a7d/fast"
/usr/bin/make -f CMakeFiles/cmTC_a9a7d.dir/build.make CMakeFiles/cmTC_a9a7d.dir/build
make[1]: Entering directory '/home/pi/pixy/build/libpixyusb/CMakeFiles/CMakeTmp'
Building CXX object CMakeFiles/cmTC_a9a7d.dir/CheckSymbolExists.cxx.o
/usr/bin/c++      -o CMakeFiles/cmTC_a9a7d.dir/CheckSymbolExists.cxx.o -c /home/pi/pixy/build/libpixyusb/CMakeFiles/CMakeTmp/CheckSymbolExists.cxx
Linking CXX executable cmTC_a9a7d
/usr/bin/cmake -E cmake_link_script CMakeFiles/cmTC_a9a7d.dir/link.txt --verbose=1
/usr/bin/c++        CMakeFiles/cmTC_a9a7d.dir/CheckSymbolExists.cxx.o  -o cmTC_a9a7d -rdynamic 
CMakeFiles/cmTC_a9a7d.dir/CheckSymbolExists.cxx.o: In function `main':
CheckSymbolExists.cxx:(.text+0x38): undefined reference to `pthread_create'
collect2: error: ld returned 1 exit status
CMakeFiles/cmTC_a9a7d.dir/build.make:97: recipe for target 'cmTC_a9a7d' failed
make[1]: *** [cmTC_a9a7d] Error 1
make[1]: Leaving directory '/home/pi/pixy/build/libpixyusb/CMakeFiles/CMakeTmp'
Makefile:126: recipe for target 'cmTC_a9a7d/fast' failed
make: *** [cmTC_a9a7d/fast] Error 2

File /home/pi/pixy/build/libpixyusb/CMakeFiles/CMakeTmp/CheckSymbolExists.cxx:
/* */
#include <pthread.h>

int main(int argc, char** argv)
{
  (void)argv;
#ifndef pthread_create
  return ((int*)(&pthread_create))[argc];
#else
  (void)argc;
  return 0;
#endif
}

Determining if the function pthread_create exists in the pthreads failed with the following output:
Change Dir: /home/pi/pixy/build/libpixyusb/CMakeFiles/CMakeTmp

Run Build Command:"/usr/bin/make" "cmTC_d0f5b/fast"
/usr/bin/make -f CMakeFiles/cmTC_d0f5b.dir/build.make CMakeFiles/cmTC_d0f5b.dir/build
make[1]: Entering directory '/home/pi/pixy/build/libpixyusb/CMakeFiles/CMakeTmp'
Building CXX object CMakeFiles/cmTC_d0f5b.dir/CheckFunctionExists.cxx.o
/usr/bin/c++     -DCHECK_FUNCTION_EXISTS=pthread_create   -o CMakeFiles/cmTC_d0f5b.dir/CheckFunctionExists.cxx.o -c /home/pi/pixy/build/libpixyusb/CMakeFiles/CheckLibraryExists/CheckFunctionExists.cxx
Linking CXX executable cmTC_d0f5b
/usr/bin/cmake -E cmake_link_script CMakeFiles/cmTC_d0f5b.dir/link.txt --verbose=1
/usr/bin/c++    -DCHECK_FUNCTION_EXISTS=pthread_create    CMakeFiles/cmTC_d0f5b.dir/CheckFunctionExists.cxx.o  -o cmTC_d0f5b -rdynamic -lpthreads 
/usr/bin/ld: cannot find -lpthreads
collect2: error: ld returned 1 exit status
CMakeFiles/cmTC_d0f5b.dir/build.make:97: recipe for target 'cmTC_d0f5b' failed
make[1]: *** [cmTC_d0f5b] Error 1
make[1]: Leaving directory '/home/pi/pixy/build/libpixyusb/CMakeFiles/CMakeTmp'
Makefile:126: recipe for target 'cmTC_d0f5b/fast' failed
make: *** [cmTC_d0f5b/fast] Error 2


