Determining if the pthread_create exist failed with the following output:
Change Dir: /home/pi/pixy/build/hello_pixy/CMakeFiles/CMakeTmp

Run Build Command:"/usr/bin/make" "cmTC_ca8be/fast"
/usr/bin/make -f CMakeFiles/cmTC_ca8be.dir/build.make CMakeFiles/cmTC_ca8be.dir/build
make[1]: Entering directory '/home/pi/pixy/build/hello_pixy/CMakeFiles/CMakeTmp'
Building CXX object CMakeFiles/cmTC_ca8be.dir/CheckSymbolExists.cxx.o
/usr/bin/c++      -o CMakeFiles/cmTC_ca8be.dir/CheckSymbolExists.cxx.o -c /home/pi/pixy/build/hello_pixy/CMakeFiles/CMakeTmp/CheckSymbolExists.cxx
Linking CXX executable cmTC_ca8be
/usr/bin/cmake -E cmake_link_script CMakeFiles/cmTC_ca8be.dir/link.txt --verbose=1
/usr/bin/c++        CMakeFiles/cmTC_ca8be.dir/CheckSymbolExists.cxx.o  -o cmTC_ca8be -rdynamic 
CMakeFiles/cmTC_ca8be.dir/CheckSymbolExists.cxx.o: In function `main':
CheckSymbolExists.cxx:(.text+0x38): undefined reference to `pthread_create'
collect2: error: ld returned 1 exit status
CMakeFiles/cmTC_ca8be.dir/build.make:97: recipe for target 'cmTC_ca8be' failed
make[1]: *** [cmTC_ca8be] Error 1
make[1]: Leaving directory '/home/pi/pixy/build/hello_pixy/CMakeFiles/CMakeTmp'
Makefile:126: recipe for target 'cmTC_ca8be/fast' failed
make: *** [cmTC_ca8be/fast] Error 2

File /home/pi/pixy/build/hello_pixy/CMakeFiles/CMakeTmp/CheckSymbolExists.cxx:
/* */
#include <pthread.h>

int main(int argc, char** argv)
{
  (void)argv;
#ifndef pthread_create
  return ((int*)(&pthread_create))[argc];
#else
  (void)argc;
  return 0;
#endif
}

Determining if the function pthread_create exists in the pthreads failed with the following output:
Change Dir: /home/pi/pixy/build/hello_pixy/CMakeFiles/CMakeTmp

Run Build Command:"/usr/bin/make" "cmTC_d7e15/fast"
/usr/bin/make -f CMakeFiles/cmTC_d7e15.dir/build.make CMakeFiles/cmTC_d7e15.dir/build
make[1]: Entering directory '/home/pi/pixy/build/hello_pixy/CMakeFiles/CMakeTmp'
Building CXX object CMakeFiles/cmTC_d7e15.dir/CheckFunctionExists.cxx.o
/usr/bin/c++     -DCHECK_FUNCTION_EXISTS=pthread_create   -o CMakeFiles/cmTC_d7e15.dir/CheckFunctionExists.cxx.o -c /home/pi/pixy/build/hello_pixy/CMakeFiles/CheckLibraryExists/CheckFunctionExists.cxx
Linking CXX executable cmTC_d7e15
/usr/bin/cmake -E cmake_link_script CMakeFiles/cmTC_d7e15.dir/link.txt --verbose=1
/usr/bin/c++    -DCHECK_FUNCTION_EXISTS=pthread_create    CMakeFiles/cmTC_d7e15.dir/CheckFunctionExists.cxx.o  -o cmTC_d7e15 -rdynamic -lpthreads 
/usr/bin/ld: cannot find -lpthreads
collect2: error: ld returned 1 exit status
CMakeFiles/cmTC_d7e15.dir/build.make:97: recipe for target 'cmTC_d7e15' failed
make[1]: *** [cmTC_d7e15] Error 1
make[1]: Leaving directory '/home/pi/pixy/build/hello_pixy/CMakeFiles/CMakeTmp'
Makefile:126: recipe for target 'cmTC_d7e15/fast' failed
make: *** [cmTC_d7e15/fast] Error 2


